# JRE version: Java(TM) SE Runtime Environment (8.0_73-b02) (build 1.8.0_73-b02)
# Java VM: Java HotSpot(TM) 64-Bit Server VM (25.73-b02 mixed mode windows-amd64 compressed oops)
Heap:
 PSYoungGen      total 177664K, used 101185K [0x00000000db000000, 0x00000000e6b80000, 0x0000000100000000)
  eden space 165888K, 60% used [0x00000000db000000,0x00000000e12d04d0,0x00000000e5200000)
  from space 11776K, 0% used [0x00000000e5200000,0x00000000e5200000,0x00000000e5d80000)
  to   space 10752K, 0% used [0x00000000e5d80000,0x00000000e5d80000,0x00000000e6800000)
 ParOldGen       total 57856K, used 14888K [0x0000000091000000, 0x0000000094880000, 0x00000000db000000)
  object space 57856K, 25% used [0x0000000091000000,0x0000000091e8a168,0x0000000094880000)
 Metaspace       used 43592K, capacity 46092K, committed 46464K, reserved 1093632K
  class space    used 6030K, capacity 6493K, committed 6528K, reserved 1048576K
GC Heap History (10 events):
Event: 10.372 GC heap before
{Heap before GC invocations=9 (full 1):
 PSYoungGen      total 66048K, used 57344K [0x00000000db000000, 0x00000000e3100000, 0x0000000100000000)
  eden space 57344K, 100% used [0x00000000db000000,0x00000000de800000,0x00000000de800000)
  from space 8704K, 0% used [0x00000000de800000,0x00000000de800000,0x00000000df080000)
  to   space 8704K, 0% used [0x00000000e2880000,0x00000000e2880000,0x00000000e3100000)
 ParOldGen       total 41984K, used 6382K [0x0000000091000000, 0x0000000093900000, 0x00000000db000000)
  object space 41984K, 15% used [0x0000000091000000,0x000000009163b950,0x0000000093900000)
 Metaspace       used 21830K, capacity 22878K, committed 23168K, reserved 1069056K
  class space    used 2886K, capacity 3147K, committed 3200K, reserved 1048576K
Event: 10.382 GC heap after
Heap after GC invocations=9 (full 1):
 PSYoungGen      total 114176K, used 4819K [0x00000000db000000, 0x00000000e2d80000, 0x0000000100000000)
  eden space 109056K, 0% used [0x00000000db000000,0x00000000db000000,0x00000000e1a80000)
  from space 5120K, 94% used [0x00000000e2880000,0x00000000e2d34d88,0x00000000e2d80000)
  to   space 8704K, 0% used [0x00000000e1c80000,0x00000000e1c80000,0x00000000e2500000)
 ParOldGen       total 41984K, used 6390K [0x0000000091000000, 0x0000000093900000, 0x00000000db000000)
  object space 41984K, 15% used [0x0000000091000000,0x000000009163d950,0x0000000093900000)
 Metaspace       used 21830K, capacity 22878K, committed 23168K, reserved 1069056K
  class space    used 2886K, capacity 3147K, committed 3200K, reserved 1048576K
}
Event: 12.756 GC heap before
{Heap before GC invocations=10 (full 1):
 PSYoungGen      total 114176K, used 113875K [0x00000000db000000, 0x00000000e2d80000, 0x0000000100000000)
  eden space 109056K, 100% used [0x00000000db000000,0x00000000e1a80000,0x00000000e1a80000)
  from space 5120K, 94% used [0x00000000e2880000,0x00000000e2d34d88,0x00000000e2d80000)
  to   space 8704K, 0% used [0x00000000e1c80000,0x00000000e1c80000,0x00000000e2500000)
 ParOldGen       total 41984K, used 6390K [0x0000000091000000, 0x0000000093900000, 0x00000000db000000)
  object space 41984K, 15% used [0x0000000091000000,0x000000009163d950,0x0000000093900000)
 Metaspace       used 27868K, capacity 29584K, committed 29824K, reserved 1075200K
  class space    used 3807K, capacity 4154K, committed 4224K, reserved 1048576K
Event: 12.778 GC heap after
Heap after GC invocations=10 (full 1):
 PSYoungGen      total 119808K, used 8696K [0x00000000db000000, 0x00000000e6800000, 0x0000000100000000)
  eden space 111104K, 0% used [0x00000000db000000,0x00000000db000000,0x00000000e1c80000)
  from space 8704K, 99% used [0x00000000e1c80000,0x00000000e24fe390,0x00000000e2500000)
  to   space 10752K, 0% used [0x00000000e5d80000,0x00000000e5d80000,0x00000000e6800000)
 ParOldGen       total 41984K, used 9427K [0x0000000091000000, 0x0000000093900000, 0x00000000db000000)
  object space 41984K, 22% used [0x0000000091000000,0x0000000091934dd0,0x0000000093900000)
 Metaspace       used 27868K, capacity 29584K, committed 29824K, reserved 1075200K
  class space    used 3807K, capacity 4154K, committed 4224K, reserved 1048576K
}
Event: 14.380 GC heap before
{Heap before GC invocations=11 (full 1):
 PSYoungGen      total 119808K, used 119800K [0x00000000db000000, 0x00000000e6800000, 0x0000000100000000)
  eden space 111104K, 100% used [0x00000000db000000,0x00000000e1c80000,0x00000000e1c80000)
  from space 8704K, 99% used [0x00000000e1c80000,0x00000000e24fe390,0x00000000e2500000)
  to   space 10752K, 0% used [0x00000000e5d80000,0x00000000e5d80000,0x00000000e6800000)
 ParOldGen       total 41984K, used 9427K [0x0000000091000000, 0x0000000093900000, 0x00000000db000000)
  object space 41984K, 22% used [0x0000000091000000,0x0000000091934dd0,0x0000000093900000)
 Metaspace       used 32542K, capacity 34696K, committed 34816K, reserved 1079296K
  class space    used 4375K, capacity 4798K, committed 4864K, reserved 1048576K
Event: 14.405 GC heap after
Heap after GC invocations=11 (full 1):
 PSYoungGen      total 176640K, used 9727K [0x00000000db000000, 0x00000000e6b80000, 0x0000000100000000)
  eden space 165888K, 0% used [0x00000000db000000,0x00000000db000000,0x00000000e5200000)
  from space 10752K, 90% used [0x00000000e5d80000,0x00000000e66ffff8,0x00000000e6800000)
  to   space 11776K, 0% used [0x00000000e5200000,0x00000000e5200000,0x00000000e5d80000)
 ParOldGen       total 41984K, used 11579K [0x0000000091000000, 0x0000000093900000, 0x00000000db000000)
  object space 41984K, 27% used [0x0000000091000000,0x0000000091b4edd0,0x0000000093900000)
 Metaspace       used 32542K, capacity 34696K, committed 34816K, reserved 1079296K
  class space    used 4375K, capacity 4798K, committed 4864K, reserved 1048576K
}
Event: 14.556 GC heap before
{Heap before GC invocations=12 (full 1):
 PSYoungGen      total 176640K, used 18945K [0x00000000db000000, 0x00000000e6b80000, 0x0000000100000000)
  eden space 165888K, 5% used [0x00000000db000000,0x00000000db900740,0x00000000e5200000)
  from space 10752K, 90% used [0x00000000e5d80000,0x00000000e66ffff8,0x00000000e6800000)
  to   space 11776K, 0% used [0x00000000e5200000,0x00000000e5200000,0x00000000e5d80000)
 ParOldGen       total 41984K, used 11579K [0x0000000091000000, 0x0000000093900000, 0x00000000db000000)
  object space 41984K, 27% used [0x0000000091000000,0x0000000091b4edd0,0x0000000093900000)
 Metaspace       used 33200K, capacity 35288K, committed 35456K, reserved 1079296K
  class space    used 4459K, capacity 4866K, committed 4992K, reserved 1048576K
Event: 14.580 GC heap after
Heap after GC invocations=12 (full 1):
 PSYoungGen      total 177664K, used 1021K [0x00000000db000000, 0x00000000e6b80000, 0x0000000100000000)
  eden space 165888K, 0% used [0x00000000db000000,0x00000000db000000,0x00000000e5200000)
  from space 11776K, 8% used [0x00000000e5200000,0x00000000e52ff4b8,0x00000000e5d80000)
  to   space 10752K, 0% used [0x00000000e5d80000,0x00000000e5d80000,0x00000000e6800000)
 ParOldGen       total 41984K, used 18207K [0x0000000091000000, 0x0000000093900000, 0x00000000db000000)
  object space 41984K, 43% used [0x0000000091000000,0x00000000921c7ca0,0x0000000093900000)
 Metaspace       used 33200K, capacity 35288K, committed 35456K, reserved 1079296K
  class space    used 4459K, capacity 4866K, committed 4992K, reserved 1048576K
}
Event: 14.580 GC heap before
{Heap before GC invocations=13 (full 2):
 PSYoungGen      total 177664K, used 1021K [0x00000000db000000, 0x00000000e6b80000, 0x0000000100000000)
  eden space 165888K, 0% used [0x00000000db000000,0x00000000db000000,0x00000000e5200000)
  from space 11776K, 8% used [0x00000000e5200000,0x00000000e52ff4b8,0x00000000e5d80000)
  to   space 10752K, 0% used [0x00000000e5d80000,0x00000000e5d80000,0x00000000e6800000)
 ParOldGen       total 41984K, used 18207K [0x0000000091000000, 0x0000000093900000, 0x00000000db000000)
  object space 41984K, 43% used [0x0000000091000000,0x00000000921c7ca0,0x0000000093900000)
 Metaspace       used 33200K, capacity 35288K, committed 35456K, reserved 1079296K
  class space    used 4459K, capacity 4866K, committed 4992K, reserved 1048576K
Event: 14.692 GC heap after
Heap after GC invocations=13 (full 2):
 PSYoungGen      total 177664K, used 0K [0x00000000db000000, 0x00000000e6b80000, 0x0000000100000000)
  eden space 165888K, 0% used [0x00000000db000000,0x00000000db000000,0x00000000e5200000)
  from space 11776K, 0% used [0x00000000e5200000,0x00000000e5200000,0x00000000e5d80000)
  to   space 10752K, 0% used [0x00000000e5d80000,0x00000000e5d80000,0x00000000e6800000)
 ParOldGen       total 57856K, used 14888K [0x0000000091000000, 0x0000000094880000, 0x00000000db000000)
  object space 57856K, 25% used [0x0000000091000000,0x0000000091e8a168,0x0000000094880000)
 Metaspace       used 33200K, capacity 35288K, committed 35456K, reserved 1079296K
  class space    used 4459K, capacity 4866K, committed 4992K, reserved 1048576K
}

