# JRE version: Java(TM) SE Runtime Environment (8.0_361) (build 1.8.0_361-b09)
# Java VM: Java HotSpot(TM) 64-Bit Server VM (25.361-b09 mixed mode windows-amd64 compressed oops)
Heap:
 PSYoungGen      total 120320K, used 104541K [0x00000000db000000, 0x00000000e2b00000, 0x0000000100000000)
  eden space 114688K, 91% used [0x00000000db000000,0x00000000e16176f0,0x00000000e2000000)
  from space 5632K, 0% used [0x00000000e2000000,0x00000000e2000000,0x00000000e2580000)
  to   space 5632K, 0% used [0x00000000e2580000,0x00000000e2580000,0x00000000e2b00000)
 ParOldGen       total 47616K, used 8053K [0x0000000091000000, 0x0000000093e80000, 0x00000000db000000)
  object space 47616K, 16% used [0x0000000091000000,0x00000000917dd5e0,0x0000000093e80000)
 Metaspace       used 23646K, capacity 24782K, committed 24960K, reserved 1071104K
  class space    used 2940K, capacity 3177K, committed 3200K, reserved 1048576K
GC Heap History (10 events):
Event: 12.586 GC heap before
{Heap before GC invocations=6 (full 0):
 PSYoungGen      total 33280K, used 33170K [0x00000000db000000, 0x00000000df300000, 0x0000000100000000)
  eden space 28672K, 100% used [0x00000000db000000,0x00000000dcc00000,0x00000000dcc00000)
  from space 4608K, 97% used [0x00000000dcc00000,0x00000000dd064bc0,0x00000000dd080000)
  to   space 5632K, 0% used [0x00000000ded80000,0x00000000ded80000,0x00000000df300000)
 ParOldGen       total 76800K, used 48K [0x0000000091000000, 0x0000000095b00000, 0x00000000db000000)
  object space 76800K, 0% used [0x0000000091000000,0x000000009100c000,0x0000000095b00000)
 Metaspace       used 17530K, capacity 18462K, committed 18560K, reserved 1064960K
  class space    used 2175K, capacity 2409K, committed 2432K, reserved 1048576K
Event: 12.699 GC heap after
Heap after GC invocations=6 (full 0):
 PSYoungGen      total 62976K, used 4868K [0x00000000db000000, 0x00000000df300000, 0x0000000100000000)
  eden space 57344K, 0% used [0x00000000db000000,0x00000000db000000,0x00000000de800000)
  from space 5632K, 86% used [0x00000000ded80000,0x00000000df241320,0x00000000df300000)
  to   space 5632K, 0% used [0x00000000de800000,0x00000000de800000,0x00000000ded80000)
 ParOldGen       total 76800K, used 48K [0x0000000091000000, 0x0000000095b00000, 0x00000000db000000)
  object space 76800K, 0% used [0x0000000091000000,0x000000009100c000,0x0000000095b00000)
 Metaspace       used 17530K, capacity 18462K, committed 18560K, reserved 1064960K
  class space    used 2175K, capacity 2409K, committed 2432K, reserved 1048576K
}
Event: 13.692 GC heap before
{Heap before GC invocations=7 (full 0):
 PSYoungGen      total 62976K, used 62212K [0x00000000db000000, 0x00000000df300000, 0x0000000100000000)
  eden space 57344K, 100% used [0x00000000db000000,0x00000000de800000,0x00000000de800000)
  from space 5632K, 86% used [0x00000000ded80000,0x00000000df241320,0x00000000df300000)
  to   space 5632K, 0% used [0x00000000de800000,0x00000000de800000,0x00000000ded80000)
 ParOldGen       total 76800K, used 48K [0x0000000091000000, 0x0000000095b00000, 0x00000000db000000)
  object space 76800K, 0% used [0x0000000091000000,0x000000009100c000,0x0000000095b00000)
 Metaspace       used 18865K, capacity 19858K, committed 19968K, reserved 1067008K
  class space    used 2295K, capacity 2521K, committed 2560K, reserved 1048576K
Event: 13.766 GC heap after
Heap after GC invocations=7 (full 0):
 PSYoungGen      total 62976K, used 2944K [0x00000000db000000, 0x00000000e2b00000, 0x0000000100000000)
  eden space 57344K, 0% used [0x00000000db000000,0x00000000db000000,0x00000000de800000)
  from space 5632K, 52% used [0x00000000de800000,0x00000000deae01f8,0x00000000ded80000)
  to   space 5632K, 0% used [0x00000000e2580000,0x00000000e2580000,0x00000000e2b00000)
 ParOldGen       total 76800K, used 2980K [0x0000000091000000, 0x0000000095b00000, 0x00000000db000000)
  object space 76800K, 3% used [0x0000000091000000,0x00000000912e9268,0x0000000095b00000)
 Metaspace       used 18865K, capacity 19858K, committed 19968K, reserved 1067008K
  class space    used 2295K, capacity 2521K, committed 2560K, reserved 1048576K
}
Event: 17.198 GC heap before
{Heap before GC invocations=8 (full 0):
 PSYoungGen      total 62976K, used 60288K [0x00000000db000000, 0x00000000e2b00000, 0x0000000100000000)
  eden space 57344K, 100% used [0x00000000db000000,0x00000000de800000,0x00000000de800000)
  from space 5632K, 52% used [0x00000000de800000,0x00000000deae01f8,0x00000000ded80000)
  to   space 5632K, 0% used [0x00000000e2580000,0x00000000e2580000,0x00000000e2b00000)
 ParOldGen       total 76800K, used 2980K [0x0000000091000000, 0x0000000095b00000, 0x00000000db000000)
  object space 76800K, 3% used [0x0000000091000000,0x00000000912e9268,0x0000000095b00000)
 Metaspace       used 19926K, capacity 20982K, committed 21120K, reserved 1067008K
  class space    used 2416K, capacity 2657K, committed 2688K, reserved 1048576K
Event: 17.262 GC heap after
Heap after GC invocations=8 (full 0):
 PSYoungGen      total 120320K, used 3792K [0x00000000db000000, 0x00000000e2b00000, 0x0000000100000000)
  eden space 114688K, 0% used [0x00000000db000000,0x00000000db000000,0x00000000e2000000)
  from space 5632K, 67% used [0x00000000e2580000,0x00000000e2934010,0x00000000e2b00000)
  to   space 5632K, 0% used [0x00000000e2000000,0x00000000e2000000,0x00000000e2580000)
 ParOldGen       total 76800K, used 3985K [0x0000000091000000, 0x0000000095b00000, 0x00000000db000000)
  object space 76800K, 5% used [0x0000000091000000,0x00000000913e46a0,0x0000000095b00000)
 Metaspace       used 19926K, capacity 20982K, committed 21120K, reserved 1067008K
  class space    used 2416K, capacity 2657K, committed 2688K, reserved 1048576K
}
Event: 18.021 GC heap before
{Heap before GC invocations=9 (full 0):
 PSYoungGen      total 120320K, used 25857K [0x00000000db000000, 0x00000000e2b00000, 0x0000000100000000)
  eden space 114688K, 19% used [0x00000000db000000,0x00000000dc58c6e8,0x00000000e2000000)
  from space 5632K, 67% used [0x00000000e2580000,0x00000000e2934010,0x00000000e2b00000)
  to   space 5632K, 0% used [0x00000000e2000000,0x00000000e2000000,0x00000000e2580000)
 ParOldGen       total 76800K, used 3985K [0x0000000091000000, 0x0000000095b00000, 0x00000000db000000)
  object space 76800K, 5% used [0x0000000091000000,0x00000000913e46a0,0x0000000095b00000)
 Metaspace       used 20152K, capacity 21214K, committed 21296K, reserved 1069056K
  class space    used 2438K, capacity 2661K, committed 2688K, reserved 1048576K
Event: 18.161 GC heap after
Heap after GC invocations=9 (full 0):
 PSYoungGen      total 120320K, used 3456K [0x00000000db000000, 0x00000000e2b00000, 0x0000000100000000)
  eden space 114688K, 0% used [0x00000000db000000,0x00000000db000000,0x00000000e2000000)
  from space 5632K, 61% used [0x00000000e2000000,0x00000000e2360000,0x00000000e2580000)
  to   space 5632K, 0% used [0x00000000e2580000,0x00000000e2580000,0x00000000e2b00000)
 ParOldGen       total 76800K, used 4817K [0x0000000091000000, 0x0000000095b00000, 0x00000000db000000)
  object space 76800K, 6% used [0x0000000091000000,0x00000000914b4708,0x0000000095b00000)
 Metaspace       used 20152K, capacity 21214K, committed 21296K, reserved 1069056K
  class space    used 2438K, capacity 2661K, committed 2688K, reserved 1048576K
}
Event: 18.162 GC heap before
{Heap before GC invocations=10 (full 1):
 PSYoungGen      total 120320K, used 3456K [0x00000000db000000, 0x00000000e2b00000, 0x0000000100000000)
  eden space 114688K, 0% used [0x00000000db000000,0x00000000db000000,0x00000000e2000000)
  from space 5632K, 61% used [0x00000000e2000000,0x00000000e2360000,0x00000000e2580000)
  to   space 5632K, 0% used [0x00000000e2580000,0x00000000e2580000,0x00000000e2b00000)
 ParOldGen       total 76800K, used 4817K [0x0000000091000000, 0x0000000095b00000, 0x00000000db000000)
  object space 76800K, 6% used [0x0000000091000000,0x00000000914b4708,0x0000000095b00000)
 Metaspace       used 20152K, capacity 21214K, committed 21296K, reserved 1069056K
  class space    used 2438K, capacity 2661K, committed 2688K, reserved 1048576K
Event: 18.773 GC heap after
Heap after GC invocations=10 (full 1):
 PSYoungGen      total 120320K, used 0K [0x00000000db000000, 0x00000000e2b00000, 0x0000000100000000)
  eden space 114688K, 0% used [0x00000000db000000,0x00000000db000000,0x00000000e2000000)
  from space 5632K, 0% used [0x00000000e2000000,0x00000000e2000000,0x00000000e2580000)
  to   space 5632K, 0% used [0x00000000e2580000,0x00000000e2580000,0x00000000e2b00000)
 ParOldGen       total 47616K, used 8053K [0x0000000091000000, 0x0000000093e80000, 0x00000000db000000)
  object space 47616K, 16% used [0x0000000091000000,0x00000000917dd5e0,0x0000000093e80000)
 Metaspace       used 20152K, capacity 21214K, committed 21296K, reserved 1069056K
  class space    used 2438K, capacity 2661K, committed 2688K, reserved 1048576K
}

